<?xml version="1.0" encoding="UTF-8"?>
<robot generator="Robot 4.1.2 (Python 3.8.10 on linux)" generated="20211215 17:05:46.799" rpa="false" schemaversion="2">
<suite id="s1" name="Deactivateacc" source="/home/raja/PycharmProjects/Automated_API_token/deactivateacc.robot">
<test id="s1-t1" name="Open Deriv">
<kw name="Login" library="deactivate">
<arg>${deactivate_email}</arg>
<arg>${deactivate_pw}</arg>
<kw name="Open Browser" library="SeleniumLibrary">
<arg>url=https://app.deriv.com</arg>
<arg>browser=chrome</arg>
<doc>Opens a new browser instance to the optional ``url``.</doc>
<msg timestamp="20211215 17:05:46.904" level="INFO">Opening browser 'chrome' to base url 'https://app.deriv.com'.</msg>
<status status="PASS" starttime="20211215 17:05:46.904" endtime="20211215 17:06:02.955"/>
</kw>
<kw name="Set Window Size" library="SeleniumLibrary">
<arg>2000</arg>
<arg>1150</arg>
<doc>Sets current windows size to given ``width`` and ``height``.</doc>
<status status="PASS" starttime="20211215 17:06:02.955" endtime="20211215 17:06:03.078"/>
</kw>
<kw name="Wait Until Page Does Not Contain Element" library="SeleniumLibrary">
<arg>dt_core_header_acc-info-preloader</arg>
<arg>60</arg>
<doc>Waits until the element ``locator`` disappears from the current page.</doc>
<status status="PASS" starttime="20211215 17:06:03.078" endtime="20211215 17:06:08.330"/>
</kw>
<kw name="Wait Until Page Contains Element" library="SeleniumLibrary">
<arg>${login_btn}</arg>
<arg>60</arg>
<doc>Waits until the element ``locator`` appears on the current page.</doc>
<status status="PASS" starttime="20211215 17:06:08.331" endtime="20211215 17:06:08.341"/>
</kw>
<kw name="Click Element" library="SeleniumLibrary">
<arg>${login_btn}</arg>
<doc>Click the element identified by ``locator``.</doc>
<msg timestamp="20211215 17:06:08.341" level="INFO">Clicking element 'dt_login_button'.</msg>
<status status="PASS" starttime="20211215 17:06:08.341" endtime="20211215 17:06:12.472"/>
</kw>
<kw name="Wait Until Page Contains Element" library="SeleniumLibrary">
<arg>${email_field}</arg>
<arg>15</arg>
<doc>Waits until the element ``locator`` appears on the current page.</doc>
<status status="PASS" starttime="20211215 17:06:12.472" endtime="20211215 17:06:12.487"/>
</kw>
<kw name="Input Text" library="SeleniumLibrary">
<arg>${email_field}</arg>
<arg>${email}</arg>
<doc>Types the given ``text`` into the text field identified by ``locator``.</doc>
<msg timestamp="20211215 17:06:12.488" level="INFO">Typing text 'phiballs@mailinator.com' into text field 'name=email'.</msg>
<status status="PASS" starttime="20211215 17:06:12.487" endtime="20211215 17:06:12.541"/>
</kw>
<kw name="Input Text" library="SeleniumLibrary">
<arg>${pword_field}</arg>
<arg>${pw}</arg>
<doc>Types the given ``text`` into the text field identified by ``locator``.</doc>
<msg timestamp="20211215 17:06:12.542" level="INFO">Typing text 'Phiballs21' into text field '//*[@type="password"]'.</msg>
<status status="PASS" starttime="20211215 17:06:12.542" endtime="20211215 17:06:12.600"/>
</kw>
<kw name="Click Element" library="SeleniumLibrary">
<arg>${login_oauth_btn}</arg>
<doc>Click the element identified by ``locator``.</doc>
<msg timestamp="20211215 17:06:12.600" level="INFO">Clicking element '//*[text()="Log in"]'.</msg>
<status status="PASS" starttime="20211215 17:06:12.600" endtime="20211215 17:06:28.093"/>
</kw>
<status status="PASS" starttime="20211215 17:05:46.904" endtime="20211215 17:06:28.093"/>
</kw>
<kw name="GetToDeactivatePage" library="deactivate">
<kw name="Wait Until Page Does Not Contain Element" library="SeleniumLibrary">
<arg>dt_core_header_acc-info-preloader</arg>
<arg>60</arg>
<doc>Waits until the element ``locator`` disappears from the current page.</doc>
<status status="PASS" starttime="20211215 17:06:28.094" endtime="20211215 17:06:28.106"/>
</kw>
<kw name="Sleep" library="BuiltIn">
<arg>5</arg>
<doc>Pauses the test executed for the given time.</doc>
<msg timestamp="20211215 17:06:33.106" level="INFO">Slept 5 seconds</msg>
<status status="PASS" starttime="20211215 17:06:28.106" endtime="20211215 17:06:33.106"/>
</kw>
<kw name="Click Element" library="SeleniumLibrary">
<arg>//*[@id="dt_core_header_acc-info-container"]/div[2]/div/div/span/a</arg>
<doc>Click the element identified by ``locator``.</doc>
<msg timestamp="20211215 17:06:33.107" level="INFO">Clicking element '//*[@id="dt_core_header_acc-info-container"]/div[2]/div/div/span/a'.</msg>
<status status="PASS" starttime="20211215 17:06:33.106" endtime="20211215 17:06:33.223"/>
</kw>
<kw name="Wait Until Page Contains Element" library="SeleniumLibrary">
<arg>//*[@id="dc_deactivate-account_link"]</arg>
<doc>Waits until the element ``locator`` appears on the current page.</doc>
<status status="PASS" starttime="20211215 17:06:33.223" endtime="20211215 17:06:35.741"/>
</kw>
<kw name="Click Element" library="SeleniumLibrary">
<arg>//*[@id="dc_deactivate-account_link"]</arg>
<doc>Click the element identified by ``locator``.</doc>
<msg timestamp="20211215 17:06:35.741" level="INFO">Clicking element '//*[@id="dc_deactivate-account_link"]'.</msg>
<status status="PASS" starttime="20211215 17:06:35.741" endtime="20211215 17:06:35.821"/>
</kw>
<kw name="Click Element" library="SeleniumLibrary">
<arg>//*[@class="dc-btn dc-btn--primary dc-btn__large deactivate-account__button"]</arg>
<doc>Click the element identified by ``locator``.</doc>
<msg timestamp="20211215 17:06:35.822" level="INFO">Clicking element '//*[@class="dc-btn dc-btn--primary dc-btn__large deactivate-account__button"]'.</msg>
<status status="PASS" starttime="20211215 17:06:35.822" endtime="20211215 17:06:35.895"/>
</kw>
<status status="PASS" starttime="20211215 17:06:28.093" endtime="20211215 17:06:35.895"/>
</kw>
<kw name="ChooseReason" library="deactivate">
<kw name="Click Element" library="SeleniumLibrary">
<arg>${check_box}</arg>
<doc>Click the element identified by ``locator``.</doc>
<msg timestamp="20211215 17:06:35.897" level="INFO">Clicking element '//*[@class="dc-checkbox__box"]'.</msg>
<status status="PASS" starttime="20211215 17:06:35.896" endtime="20211215 17:06:35.969"/>
</kw>
<kw name="Click Element" library="SeleniumLibrary">
<arg>${check_box}</arg>
<doc>Click the element identified by ``locator``.</doc>
<msg timestamp="20211215 17:06:35.969" level="INFO">Clicking element '//*[@class="dc-checkbox__box"]'.</msg>
<status status="PASS" starttime="20211215 17:06:35.969" endtime="20211215 17:06:36.013"/>
</kw>
<kw name="Click Element" library="SeleniumLibrary">
<arg>${uncheck_box}</arg>
<doc>Click the element identified by ``locator``.</doc>
<msg timestamp="20211215 17:06:36.014" level="INFO">Clicking element '//*[@class="dc-icon dc-icon--active"]'.</msg>
<status status="PASS" starttime="20211215 17:06:36.013" endtime="20211215 17:06:36.063"/>
</kw>
<kw name="Click Element" library="SeleniumLibrary">
<arg>${uncheck_box}</arg>
<doc>Click the element identified by ``locator``.</doc>
<msg timestamp="20211215 17:06:36.064" level="INFO">Clicking element '//*[@class="dc-icon dc-icon--active"]'.</msg>
<status status="PASS" starttime="20211215 17:06:36.063" endtime="20211215 17:06:36.108"/>
</kw>
<kw name="Sleep" library="BuiltIn">
<arg>2</arg>
<doc>Pauses the test executed for the given time.</doc>
<msg timestamp="20211215 17:06:38.108" level="INFO">Slept 2 seconds</msg>
<status status="PASS" starttime="20211215 17:06:36.108" endtime="20211215 17:06:38.108"/>
</kw>
<kw name="Click Element" library="SeleniumLibrary">
<arg>${check_box}</arg>
<doc>Click the element identified by ``locator``.</doc>
<msg timestamp="20211215 17:06:38.109" level="INFO">Clicking element '//*[@class="dc-checkbox__box"]'.</msg>
<status status="PASS" starttime="20211215 17:06:38.108" endtime="20211215 17:06:38.144"/>
</kw>
<kw name="Click Element" library="SeleniumLibrary">
<arg>${continue_btn}</arg>
<doc>Click the element identified by ``locator``.</doc>
<msg timestamp="20211215 17:06:38.145" level="INFO">Clicking element '//*[@class="dc-btn dc-btn__effect dc-btn--primary dc-btn__large"]'.</msg>
<status status="PASS" starttime="20211215 17:06:38.144" endtime="20211215 17:06:38.204"/>
</kw>
<status status="PASS" starttime="20211215 17:06:35.895" endtime="20211215 17:06:38.205"/>
</kw>
<kw name="ChangeOfMind" library="deactivate">
<kw name="Sleep" library="BuiltIn">
<arg>3</arg>
<doc>Pauses the test executed for the given time.</doc>
<msg timestamp="20211215 17:06:41.206" level="INFO">Slept 3 seconds</msg>
<status status="PASS" starttime="20211215 17:06:38.205" endtime="20211215 17:06:41.206"/>
</kw>
<kw name="Click Element" library="SeleniumLibrary">
<arg>${goback_btn}</arg>
<doc>Click the element identified by ``locator``.</doc>
<msg timestamp="20211215 17:06:41.207" level="INFO">Clicking element '//*[@id="modal_root"]/div/div/div/div[2]/button[1]'.</msg>
<status status="PASS" starttime="20211215 17:06:41.206" endtime="20211215 17:06:41.264"/>
</kw>
<status status="PASS" starttime="20211215 17:06:38.205" endtime="20211215 17:06:41.264"/>
</kw>
<kw name="ProceedToDeactivation" library="deactivate">
<kw name="Click Element" library="SeleniumLibrary">
<arg>${continue_btn}</arg>
<doc>Click the element identified by ``locator``.</doc>
<msg timestamp="20211215 17:06:41.265" level="INFO">Clicking element '//*[@class="dc-btn dc-btn__effect dc-btn--primary dc-btn__large"]'.</msg>
<status status="PASS" starttime="20211215 17:06:41.264" endtime="20211215 17:06:41.552"/>
</kw>
<kw name="Sleep" library="BuiltIn">
<arg>3</arg>
<doc>Pauses the test executed for the given time.</doc>
<msg timestamp="20211215 17:06:44.553" level="INFO">Slept 3 seconds</msg>
<status status="PASS" starttime="20211215 17:06:41.552" endtime="20211215 17:06:44.553"/>
</kw>
<kw name="Click Element" library="SeleniumLibrary">
<arg>${deactivate_btn}</arg>
<doc>Click the element identified by ``locator``.</doc>
<msg timestamp="20211215 17:06:44.554" level="INFO">Clicking element '//*[@id="modal_root"]/div/div/div/div[2]/button[2]'.</msg>
<status status="PASS" starttime="20211215 17:06:44.553" endtime="20211215 17:06:44.604"/>
</kw>
<status status="PASS" starttime="20211215 17:06:41.264" endtime="20211215 17:06:44.604"/>
</kw>
<status status="PASS" starttime="20211215 17:05:46.903" endtime="20211215 17:06:44.605"/>
</test>
<status status="PASS" starttime="20211215 17:05:46.800" endtime="20211215 17:06:44.605"/>
</suite>
<statistics>
<total>
<stat pass="1" fail="0" skip="0">All Tests</stat>
</total>
<tag>
</tag>
<suite>
<stat pass="1" fail="0" skip="0" id="s1" name="Deactivateacc">Deactivateacc</stat>
</suite>
</statistics>
<errors>
</errors>
</robot>
